[0.053s] DEBUG:colcon:Command line arguments: ['/usr/bin/colcon', 'build', '--packages-select', 'lab2']
[0.053s] DEBUG:colcon:Parsed command line arguments: Namespace(log_base=None, log_level=None, verb_name='build', build_base='build', install_base='install', merge_install=False, symlink_install=False, test_result_base=None, continue_on_error=False, executor='parallel', parallel_workers=24, event_handlers=None, ignore_user_meta=False, metas=['./colcon.meta'], base_paths=['.'], packages_ignore=None, packages_ignore_regex=None, paths=None, packages_up_to=None, packages_up_to_regex=None, packages_above=None, packages_above_and_dependencies=None, packages_above_depth=None, packages_select_by_dep=None, packages_skip_by_dep=None, packages_skip_up_to=None, packages_select_build_failed=False, packages_skip_build_finished=False, packages_select_test_failures=False, packages_skip_test_passed=False, packages_select=['lab2'], packages_skip=None, packages_select_regex=None, packages_skip_regex=None, packages_start=None, packages_end=None, allow_overriding=[], cmake_args=None, cmake_target=None, cmake_target_skip_unavailable=False, cmake_clean_cache=False, cmake_clean_first=False, cmake_force_configure=False, ament_cmake_args=None, catkin_cmake_args=None, catkin_skip_building_tests=False, verb_parser=<colcon_defaults.argument_parser.defaults.DefaultArgumentsDecorator object at 0x74cad47808b0>, verb_extension=<colcon_core.verb.build.BuildVerb object at 0x74cad4780310>, main=<bound method BuildVerb.main of <colcon_core.verb.build.BuildVerb object at 0x74cad4780310>>)
[0.140s] Level 1:colcon.colcon_core.package_discovery:discover_packages(colcon_meta) check parameters
[0.140s] Level 1:colcon.colcon_core.package_discovery:discover_packages(recursive) check parameters
[0.140s] Level 1:colcon.colcon_core.package_discovery:discover_packages(ignore) check parameters
[0.140s] Level 1:colcon.colcon_core.package_discovery:discover_packages(path) check parameters
[0.140s] Level 1:colcon.colcon_core.package_discovery:discover_packages(colcon_meta) discover
[0.140s] Level 1:colcon.colcon_core.package_discovery:discover_packages(recursive) discover
[0.140s] INFO:colcon.colcon_core.package_discovery:Crawling recursively for packages in '/home/tnzacer/FRA502-LAB-6632/src'
[0.140s] Level 1:colcon.colcon_core.package_identification:_identify(.) by extensions ['ignore', 'ignore_ament_install']
[0.140s] Level 1:colcon.colcon_core.package_identification:_identify(.) by extension 'ignore'
[0.141s] Level 1:colcon.colcon_core.package_identification:_identify(.) by extension 'ignore_ament_install'
[0.141s] Level 1:colcon.colcon_core.package_identification:_identify(.) by extensions ['colcon_pkg']
[0.141s] Level 1:colcon.colcon_core.package_identification:_identify(.) by extension 'colcon_pkg'
[0.141s] Level 1:colcon.colcon_core.package_identification:_identify(.) by extensions ['colcon_meta']
[0.141s] Level 1:colcon.colcon_core.package_identification:_identify(.) by extension 'colcon_meta'
[0.141s] Level 1:colcon.colcon_core.package_identification:_identify(.) by extensions ['ros']
[0.141s] Level 1:colcon.colcon_core.package_identification:_identify(.) by extension 'ros'
[0.147s] Level 1:colcon.colcon_core.package_identification:_identify(.) by extensions ['cmake', 'python']
[0.147s] Level 1:colcon.colcon_core.package_identification:_identify(.) by extension 'cmake'
[0.147s] Level 1:colcon.colcon_core.package_identification:_identify(.) by extension 'python'
[0.147s] Level 1:colcon.colcon_core.package_identification:_identify(.) by extensions ['python_setup_py']
[0.147s] Level 1:colcon.colcon_core.package_identification:_identify(.) by extension 'python_setup_py'
[0.147s] Level 1:colcon.colcon_core.package_identification:_identify(build) by extensions ['ignore', 'ignore_ament_install']
[0.147s] Level 1:colcon.colcon_core.package_identification:_identify(build) by extension 'ignore'
[0.147s] Level 1:colcon.colcon_core.package_identification:_identify(build) ignored
[0.147s] Level 1:colcon.colcon_core.package_identification:_identify(install) by extensions ['ignore', 'ignore_ament_install']
[0.147s] Level 1:colcon.colcon_core.package_identification:_identify(install) by extension 'ignore'
[0.147s] Level 1:colcon.colcon_core.package_identification:_identify(install) ignored
[0.147s] Level 1:colcon.colcon_core.package_identification:_identify(log) by extensions ['ignore', 'ignore_ament_install']
[0.147s] Level 1:colcon.colcon_core.package_identification:_identify(log) by extension 'ignore'
[0.147s] Level 1:colcon.colcon_core.package_identification:_identify(log) ignored
[0.147s] Level 1:colcon.colcon_core.package_identification:_identify(src) by extensions ['ignore', 'ignore_ament_install']
[0.147s] Level 1:colcon.colcon_core.package_identification:_identify(src) by extension 'ignore'
[0.147s] Level 1:colcon.colcon_core.package_identification:_identify(src) by extension 'ignore_ament_install'
[0.147s] Level 1:colcon.colcon_core.package_identification:_identify(src) by extensions ['colcon_pkg']
[0.147s] Level 1:colcon.colcon_core.package_identification:_identify(src) by extension 'colcon_pkg'
[0.147s] Level 1:colcon.colcon_core.package_identification:_identify(src) by extensions ['colcon_meta']
[0.147s] Level 1:colcon.colcon_core.package_identification:_identify(src) by extension 'colcon_meta'
[0.147s] Level 1:colcon.colcon_core.package_identification:_identify(src) by extensions ['ros']
[0.147s] Level 1:colcon.colcon_core.package_identification:_identify(src) by extension 'ros'
[0.148s] DEBUG:colcon.colcon_core.package_identification:Package 'src' with type 'ros.ament_cmake' and name 'package_name'
[0.149s] Level 1:colcon.colcon_core.package_identification:_identify(turtlesim_plus) by extensions ['ignore', 'ignore_ament_install']
[0.149s] Level 1:colcon.colcon_core.package_identification:_identify(turtlesim_plus) by extension 'ignore'
[0.149s] Level 1:colcon.colcon_core.package_identification:_identify(turtlesim_plus) by extension 'ignore_ament_install'
[0.149s] Level 1:colcon.colcon_core.package_identification:_identify(turtlesim_plus) by extensions ['colcon_pkg']
[0.149s] Level 1:colcon.colcon_core.package_identification:_identify(turtlesim_plus) by extension 'colcon_pkg'
[0.149s] Level 1:colcon.colcon_core.package_identification:_identify(turtlesim_plus) by extensions ['colcon_meta']
[0.149s] Level 1:colcon.colcon_core.package_identification:_identify(turtlesim_plus) by extension 'colcon_meta'
[0.149s] Level 1:colcon.colcon_core.package_identification:_identify(turtlesim_plus) by extensions ['ros']
[0.149s] Level 1:colcon.colcon_core.package_identification:_identify(turtlesim_plus) by extension 'ros'
[0.149s] Level 1:colcon.colcon_core.package_identification:_identify(turtlesim_plus) by extensions ['cmake', 'python']
[0.149s] Level 1:colcon.colcon_core.package_identification:_identify(turtlesim_plus) by extension 'cmake'
[0.149s] Level 1:colcon.colcon_core.package_identification:_identify(turtlesim_plus) by extension 'python'
[0.149s] Level 1:colcon.colcon_core.package_identification:_identify(turtlesim_plus) by extensions ['python_setup_py']
[0.149s] Level 1:colcon.colcon_core.package_identification:_identify(turtlesim_plus) by extension 'python_setup_py'
[0.149s] Level 1:colcon.colcon_core.package_identification:_identify(turtlesim_plus/turtlesim_plus) by extensions ['ignore', 'ignore_ament_install']
[0.149s] Level 1:colcon.colcon_core.package_identification:_identify(turtlesim_plus/turtlesim_plus) by extension 'ignore'
[0.149s] Level 1:colcon.colcon_core.package_identification:_identify(turtlesim_plus/turtlesim_plus) by extension 'ignore_ament_install'
[0.149s] Level 1:colcon.colcon_core.package_identification:_identify(turtlesim_plus/turtlesim_plus) by extensions ['colcon_pkg']
[0.149s] Level 1:colcon.colcon_core.package_identification:_identify(turtlesim_plus/turtlesim_plus) by extension 'colcon_pkg'
[0.149s] Level 1:colcon.colcon_core.package_identification:_identify(turtlesim_plus/turtlesim_plus) by extensions ['colcon_meta']
[0.149s] Level 1:colcon.colcon_core.package_identification:_identify(turtlesim_plus/turtlesim_plus) by extension 'colcon_meta'
[0.149s] Level 1:colcon.colcon_core.package_identification:_identify(turtlesim_plus/turtlesim_plus) by extensions ['ros']
[0.149s] Level 1:colcon.colcon_core.package_identification:_identify(turtlesim_plus/turtlesim_plus) by extension 'ros'
[0.150s] DEBUG:colcon.colcon_core.package_identification:Package 'turtlesim_plus/turtlesim_plus' with type 'ros.ament_cmake' and name 'turtlesim_plus'
[0.150s] Level 1:colcon.colcon_core.package_identification:_identify(turtlesim_plus/turtlesim_plus_interfaces) by extensions ['ignore', 'ignore_ament_install']
[0.150s] Level 1:colcon.colcon_core.package_identification:_identify(turtlesim_plus/turtlesim_plus_interfaces) by extension 'ignore'
[0.150s] Level 1:colcon.colcon_core.package_identification:_identify(turtlesim_plus/turtlesim_plus_interfaces) by extension 'ignore_ament_install'
[0.150s] Level 1:colcon.colcon_core.package_identification:_identify(turtlesim_plus/turtlesim_plus_interfaces) by extensions ['colcon_pkg']
[0.150s] Level 1:colcon.colcon_core.package_identification:_identify(turtlesim_plus/turtlesim_plus_interfaces) by extension 'colcon_pkg'
[0.150s] Level 1:colcon.colcon_core.package_identification:_identify(turtlesim_plus/turtlesim_plus_interfaces) by extensions ['colcon_meta']
[0.150s] Level 1:colcon.colcon_core.package_identification:_identify(turtlesim_plus/turtlesim_plus_interfaces) by extension 'colcon_meta'
[0.150s] Level 1:colcon.colcon_core.package_identification:_identify(turtlesim_plus/turtlesim_plus_interfaces) by extensions ['ros']
[0.150s] Level 1:colcon.colcon_core.package_identification:_identify(turtlesim_plus/turtlesim_plus_interfaces) by extension 'ros'
[0.150s] DEBUG:colcon.colcon_core.package_identification:Package 'turtlesim_plus/turtlesim_plus_interfaces' with type 'ros.ament_cmake' and name 'turtlesim_plus_interfaces'
[0.150s] Level 1:colcon.colcon_core.package_discovery:discover_packages(recursive) using defaults
[0.150s] Level 1:colcon.colcon_core.package_discovery:discover_packages(ignore) discover
[0.150s] Level 1:colcon.colcon_core.package_discovery:discover_packages(ignore) using defaults
[0.150s] Level 1:colcon.colcon_core.package_discovery:discover_packages(path) discover
[0.150s] Level 1:colcon.colcon_core.package_discovery:discover_packages(path) using defaults
[0.150s] WARNING:colcon.colcon_core.package_selection:ignoring unknown package 'lab2' in --packages-select
[0.166s] INFO:colcon.colcon_core.package_selection:Skipping not selected package 'package_name' in 'src'
[0.166s] INFO:colcon.colcon_core.package_selection:Skipping not selected package 'turtlesim_plus' in 'turtlesim_plus/turtlesim_plus'
[0.166s] INFO:colcon.colcon_core.package_selection:Skipping not selected package 'turtlesim_plus_interfaces' in 'turtlesim_plus/turtlesim_plus_interfaces'
[0.166s] Level 1:colcon.colcon_core.package_discovery:discover_packages(prefix_path) check parameters
[0.166s] Level 1:colcon.colcon_core.package_discovery:discover_packages(prefix_path) discover
[0.166s] WARNING:colcon.colcon_core.prefix_path.colcon:The path '/home/tnzacer/ARCS2/install' in the environment variable COLCON_PREFIX_PATH doesn't exist
[0.167s] WARNING:colcon.colcon_ros.prefix_path.ament:The path '/home/tnzacer/ARCS2/install/motorsim_interfaces' in the environment variable AMENT_PREFIX_PATH doesn't exist
[0.167s] WARNING:colcon.colcon_ros.prefix_path.ament:The path '/home/tnzacer/ARCS2/install/motorsim' in the environment variable AMENT_PREFIX_PATH doesn't exist
[0.167s] WARNING:colcon.colcon_ros.prefix_path.ament:The path '/home/tnzacer/ARCS2/install/diffdrivekine' in the environment variable AMENT_PREFIX_PATH doesn't exist
[0.167s] WARNING:colcon.colcon_ros.prefix_path.catkin:The path '/home/tnzacer/ARCS2/install/motorsim_interfaces' in the environment variable CMAKE_PREFIX_PATH doesn't exist
[0.167s] WARNING:colcon.colcon_ros.prefix_path.catkin:The path '/home/tnzacer/ARCS2/install/motorsim' in the environment variable CMAKE_PREFIX_PATH doesn't exist
[0.167s] WARNING:colcon.colcon_ros.prefix_path.catkin:The path '/home/tnzacer/ARCS2/install/diffdrivekine' in the environment variable CMAKE_PREFIX_PATH doesn't exist
[0.167s] DEBUG:colcon.colcon_installed_package_information.package_discovery:Found 0 installed packages in /home/tnzacer/FRA502-LAB-6632/install
[0.167s] DEBUG:colcon.colcon_installed_package_information.package_discovery:Found 25 installed packages in /home/tnzacer/L2_ws/install
[0.168s] DEBUG:colcon.colcon_installed_package_information.package_discovery:Found 340 installed packages in /opt/ros/humble
[0.169s] Level 1:colcon.colcon_core.package_discovery:discover_packages(prefix_path) using defaults
[0.191s] INFO:colcon.colcon_core.executor:Executing jobs using 'parallel' executor
[0.192s] DEBUG:colcon.colcon_parallel_executor.executor.parallel:run_until_complete
[0.192s] DEBUG:colcon.colcon_parallel_executor.executor.parallel:closing loop
[0.192s] DEBUG:colcon.colcon_parallel_executor.executor.parallel:loop closed
[0.192s] DEBUG:colcon.colcon_parallel_executor.executor.parallel:run_until_complete finished with '0'
[0.192s] DEBUG:colcon.colcon_core.event_reactor:joining thread
[0.196s] INFO:colcon.colcon_core.plugin_system:Skipping extension 'colcon_notification.desktop_notification.terminal_notifier': Not used on non-Darwin systems
[0.196s] INFO:colcon.colcon_core.plugin_system:Skipping extension 'colcon_notification.desktop_notification.win32': Not used on non-Windows systems
[0.196s] INFO:colcon.colcon_notification.desktop_notification:Sending desktop notification using 'notify2'
[0.205s] DEBUG:colcon.colcon_core.event_reactor:joined thread
[0.206s] INFO:colcon.colcon_core.plugin_system:Skipping extension 'colcon_core.shell.bat': Not used on non-Windows systems
[0.206s] INFO:colcon.colcon_core.shell:Creating prefix script '/home/tnzacer/FRA502-LAB-6632/src/install/local_setup.ps1'
[0.207s] INFO:colcon.colcon_core.shell:Creating prefix util module '/home/tnzacer/FRA502-LAB-6632/src/install/_local_setup_util_ps1.py'
[0.208s] INFO:colcon.colcon_core.shell:Creating prefix chain script '/home/tnzacer/FRA502-LAB-6632/src/install/setup.ps1'
[0.209s] INFO:colcon.colcon_core.shell:Creating prefix script '/home/tnzacer/FRA502-LAB-6632/src/install/local_setup.sh'
[0.209s] INFO:colcon.colcon_core.shell:Creating prefix util module '/home/tnzacer/FRA502-LAB-6632/src/install/_local_setup_util_sh.py'
[0.209s] INFO:colcon.colcon_core.shell:Creating prefix chain script '/home/tnzacer/FRA502-LAB-6632/src/install/setup.sh'
[0.210s] INFO:colcon.colcon_core.shell:Creating prefix script '/home/tnzacer/FRA502-LAB-6632/src/install/local_setup.bash'
[0.210s] INFO:colcon.colcon_core.shell:Creating prefix chain script '/home/tnzacer/FRA502-LAB-6632/src/install/setup.bash'
[0.211s] INFO:colcon.colcon_core.shell:Creating prefix script '/home/tnzacer/FRA502-LAB-6632/src/install/local_setup.zsh'
[0.211s] INFO:colcon.colcon_core.shell:Creating prefix chain script '/home/tnzacer/FRA502-LAB-6632/src/install/setup.zsh'
