[0.007s] Invoking command in '/home/tnzacer/FRA502-LAB-6632/build/lab3': CMAKE_PREFIX_PATH=${CMAKE_PREFIX_PATH}:/home/tnzacer/L2_ws/install/launch_testing_examples:/home/tnzacer/L2_ws/install/examples_rclpy_pointcloud_publisher:/home/tnzacer/L2_ws/install/examples_rclpy_minimal_subscriber:/home/tnzacer/L2_ws/install/examples_rclpy_minimal_service:/home/tnzacer/L2_ws/install/examples_rclpy_minimal_publisher:/home/tnzacer/L2_ws/install/examples_rclpy_minimal_client:/home/tnzacer/L2_ws/install/examples_rclpy_minimal_action_server:/home/tnzacer/L2_ws/install/examples_rclpy_minimal_action_client:/home/tnzacer/L2_ws/install/examples_rclpy_guard_conditions:/home/tnzacer/L2_ws/install/examples_rclpy_executors:/opt/ros/humble /usr/bin/cmake /home/tnzacer/FRA502-LAB-6632/src/lab3 -DCMAKE_INSTALL_PREFIX=/home/tnzacer/FRA502-LAB-6632/install/lab3
[0.044s] -- The C compiler identification is GNU 11.4.0
[0.083s] -- The CXX compiler identification is GNU 11.4.0
[0.089s] -- Detecting C compiler ABI info
[0.150s] -- Detecting C compiler ABI info - done
[0.155s] -- Check for working C compiler: /usr/bin/cc - skipped
[0.155s] -- Detecting C compile features
[0.155s] -- Detecting C compile features - done
[0.158s] -- Detecting CXX compiler ABI info
[0.217s] -- Detecting CXX compiler ABI info - done
[0.221s] -- Check for working CXX compiler: /usr/bin/c++ - skipped
[0.221s] -- Detecting CXX compile features
[0.221s] -- Detecting CXX compile features - done
[0.223s] -- Found ament_cmake: 1.3.12 (/opt/ros/humble/share/ament_cmake/cmake)
[0.335s] -- Found Python3: /usr/bin/python3 (found version "3.10.12") found components: Interpreter 
[0.408s] -- Found rclcpp: 16.0.14 (/opt/ros/humble/share/rclcpp/cmake)
[0.437s] -- Found rosidl_generator_c: 3.1.7 (/opt/ros/humble/share/rosidl_generator_c/cmake)
[0.441s] -- Found rosidl_adapter: 3.1.7 (/opt/ros/humble/share/rosidl_adapter/cmake)
[0.447s] -- Found rosidl_generator_cpp: 3.1.7 (/opt/ros/humble/share/rosidl_generator_cpp/cmake)
[0.455s] -- Using all available rosidl_typesupport_c: rosidl_typesupport_fastrtps_c;rosidl_typesupport_introspection_c
[0.465s] -- Using all available rosidl_typesupport_cpp: rosidl_typesupport_fastrtps_cpp;rosidl_typesupport_introspection_cpp
[0.495s] -- Found rmw_implementation_cmake: 6.1.2 (/opt/ros/humble/share/rmw_implementation_cmake/cmake)
[0.497s] -- Found rmw_fastrtps_cpp: 6.2.8 (/opt/ros/humble/share/rmw_fastrtps_cpp/cmake)
[0.573s] -- Found OpenSSL: /usr/lib/x86_64-linux-gnu/libcrypto.so (found version "3.0.2")  
[0.593s] -- Found FastRTPS: /opt/ros/humble/include  
[0.620s] -- Using RMW implementation 'rmw_fastrtps_cpp' as default
[0.628s] -- Looking for pthread.h
[0.683s] -- Looking for pthread.h - found
[0.684s] -- Performing Test CMAKE_HAVE_LIBC_PTHREAD
[0.745s] -- Performing Test CMAKE_HAVE_LIBC_PTHREAD - Success
[0.746s] -- Found Threads: TRUE  
[0.783s] -- Found rclpy: 3.3.17 (/opt/ros/humble/share/rclpy/cmake)
[0.877s] -- Configuring done
[0.881s] -- Generating done
[0.883s] -- Build files have been written to: /home/tnzacer/FRA502-LAB-6632/build/lab3
[0.890s] Invoked command in '/home/tnzacer/FRA502-LAB-6632/build/lab3' returned '0': CMAKE_PREFIX_PATH=${CMAKE_PREFIX_PATH}:/home/tnzacer/L2_ws/install/launch_testing_examples:/home/tnzacer/L2_ws/install/examples_rclpy_pointcloud_publisher:/home/tnzacer/L2_ws/install/examples_rclpy_minimal_subscriber:/home/tnzacer/L2_ws/install/examples_rclpy_minimal_service:/home/tnzacer/L2_ws/install/examples_rclpy_minimal_publisher:/home/tnzacer/L2_ws/install/examples_rclpy_minimal_client:/home/tnzacer/L2_ws/install/examples_rclpy_minimal_action_server:/home/tnzacer/L2_ws/install/examples_rclpy_minimal_action_client:/home/tnzacer/L2_ws/install/examples_rclpy_guard_conditions:/home/tnzacer/L2_ws/install/examples_rclpy_executors:/opt/ros/humble /usr/bin/cmake /home/tnzacer/FRA502-LAB-6632/src/lab3 -DCMAKE_INSTALL_PREFIX=/home/tnzacer/FRA502-LAB-6632/install/lab3
[0.890s] Invoking command in '/home/tnzacer/FRA502-LAB-6632/build/lab3': CMAKE_PREFIX_PATH=${CMAKE_PREFIX_PATH}:/home/tnzacer/L2_ws/install/launch_testing_examples:/home/tnzacer/L2_ws/install/examples_rclpy_pointcloud_publisher:/home/tnzacer/L2_ws/install/examples_rclpy_minimal_subscriber:/home/tnzacer/L2_ws/install/examples_rclpy_minimal_service:/home/tnzacer/L2_ws/install/examples_rclpy_minimal_publisher:/home/tnzacer/L2_ws/install/examples_rclpy_minimal_client:/home/tnzacer/L2_ws/install/examples_rclpy_minimal_action_server:/home/tnzacer/L2_ws/install/examples_rclpy_minimal_action_client:/home/tnzacer/L2_ws/install/examples_rclpy_guard_conditions:/home/tnzacer/L2_ws/install/examples_rclpy_executors:/opt/ros/humble /usr/bin/cmake --build /home/tnzacer/FRA502-LAB-6632/build/lab3 -- -j24 -l24
[0.924s] [ 50%] [32mBuilding CXX object CMakeFiles/cpp_node_test.dir/src/cpp_node.cpp.o[0m
[0.931s] [ 50%] Built target ament_cmake_python_copy_lab3
[1.071s] [100%] [32m[1mLinking CXX executable cpp_node_test[0m
[1.082s] running egg_info
[1.083s] creating lab3.egg-info
[1.083s] writing lab3.egg-info/PKG-INFO
[1.083s] writing dependency_links to lab3.egg-info/dependency_links.txt
[1.083s] writing top-level names to lab3.egg-info/top_level.txt
[1.083s] writing manifest file 'lab3.egg-info/SOURCES.txt'
[1.084s] reading manifest file 'lab3.egg-info/SOURCES.txt'
[1.085s] writing manifest file 'lab3.egg-info/SOURCES.txt'
[1.101s] [100%] Built target ament_cmake_python_build_lab3_egg
[1.128s] [100%] Built target cpp_node_test
[1.137s] Invoked command in '/home/tnzacer/FRA502-LAB-6632/build/lab3' returned '0': CMAKE_PREFIX_PATH=${CMAKE_PREFIX_PATH}:/home/tnzacer/L2_ws/install/launch_testing_examples:/home/tnzacer/L2_ws/install/examples_rclpy_pointcloud_publisher:/home/tnzacer/L2_ws/install/examples_rclpy_minimal_subscriber:/home/tnzacer/L2_ws/install/examples_rclpy_minimal_service:/home/tnzacer/L2_ws/install/examples_rclpy_minimal_publisher:/home/tnzacer/L2_ws/install/examples_rclpy_minimal_client:/home/tnzacer/L2_ws/install/examples_rclpy_minimal_action_server:/home/tnzacer/L2_ws/install/examples_rclpy_minimal_action_client:/home/tnzacer/L2_ws/install/examples_rclpy_guard_conditions:/home/tnzacer/L2_ws/install/examples_rclpy_executors:/opt/ros/humble /usr/bin/cmake --build /home/tnzacer/FRA502-LAB-6632/build/lab3 -- -j24 -l24
[1.145s] Invoking command in '/home/tnzacer/FRA502-LAB-6632/build/lab3': CMAKE_PREFIX_PATH=${CMAKE_PREFIX_PATH}:/home/tnzacer/L2_ws/install/launch_testing_examples:/home/tnzacer/L2_ws/install/examples_rclpy_pointcloud_publisher:/home/tnzacer/L2_ws/install/examples_rclpy_minimal_subscriber:/home/tnzacer/L2_ws/install/examples_rclpy_minimal_service:/home/tnzacer/L2_ws/install/examples_rclpy_minimal_publisher:/home/tnzacer/L2_ws/install/examples_rclpy_minimal_client:/home/tnzacer/L2_ws/install/examples_rclpy_minimal_action_server:/home/tnzacer/L2_ws/install/examples_rclpy_minimal_action_client:/home/tnzacer/L2_ws/install/examples_rclpy_guard_conditions:/home/tnzacer/L2_ws/install/examples_rclpy_executors:/opt/ros/humble /usr/bin/cmake --install /home/tnzacer/FRA502-LAB-6632/build/lab3
[1.149s] -- Install configuration: ""
[1.150s] -- Installing: /home/tnzacer/FRA502-LAB-6632/install/lab3/share/lab3/environment/pythonpath.sh
[1.150s] -- Installing: /home/tnzacer/FRA502-LAB-6632/install/lab3/share/lab3/environment/pythonpath.dsv
[1.150s] -- Installing: /home/tnzacer/FRA502-LAB-6632/install/lab3/local/lib/python3.10/dist-packages/lab3-0.0.0-py3.10.egg-info
[1.150s] -- Installing: /home/tnzacer/FRA502-LAB-6632/install/lab3/local/lib/python3.10/dist-packages/lab3-0.0.0-py3.10.egg-info/dependency_links.txt
[1.150s] -- Installing: /home/tnzacer/FRA502-LAB-6632/install/lab3/local/lib/python3.10/dist-packages/lab3-0.0.0-py3.10.egg-info/SOURCES.txt
[1.150s] -- Installing: /home/tnzacer/FRA502-LAB-6632/install/lab3/local/lib/python3.10/dist-packages/lab3-0.0.0-py3.10.egg-info/PKG-INFO
[1.150s] -- Installing: /home/tnzacer/FRA502-LAB-6632/install/lab3/local/lib/python3.10/dist-packages/lab3-0.0.0-py3.10.egg-info/top_level.txt
[1.150s] -- Installing: /home/tnzacer/FRA502-LAB-6632/install/lab3/local/lib/python3.10/dist-packages/lab3
[1.150s] -- Installing: /home/tnzacer/FRA502-LAB-6632/install/lab3/local/lib/python3.10/dist-packages/lab3/__init__.py
[1.150s] -- Installing: /home/tnzacer/FRA502-LAB-6632/install/lab3/local/lib/python3.10/dist-packages/lab3/dummy_module.py
[1.172s] Listing '/home/tnzacer/FRA502-LAB-6632/install/lab3/local/lib/python3.10/dist-packages/lab3'...
[1.172s] Compiling '/home/tnzacer/FRA502-LAB-6632/install/lab3/local/lib/python3.10/dist-packages/lab3/__init__.py'...
[1.172s] Compiling '/home/tnzacer/FRA502-LAB-6632/install/lab3/local/lib/python3.10/dist-packages/lab3/dummy_module.py'...
[1.174s] -- Installing: /home/tnzacer/FRA502-LAB-6632/install/lab3/lib/lab3/dummy_script.py
[1.174s] -- Installing: /home/tnzacer/FRA502-LAB-6632/install/lab3/lib/lab3/cpp_node_test
[1.174s] -- Set runtime path of "/home/tnzacer/FRA502-LAB-6632/install/lab3/lib/lab3/cpp_node_test" to ""
[1.175s] -- Up-to-date: /home/tnzacer/FRA502-LAB-6632/install/lab3/share/lab3
[1.175s] -- Installing: /home/tnzacer/FRA502-LAB-6632/install/lab3/share/ament_index/resource_index/package_run_dependencies/lab3
[1.175s] -- Installing: /home/tnzacer/FRA502-LAB-6632/install/lab3/share/ament_index/resource_index/parent_prefix_path/lab3
[1.175s] -- Installing: /home/tnzacer/FRA502-LAB-6632/install/lab3/share/lab3/environment/ament_prefix_path.sh
[1.175s] -- Installing: /home/tnzacer/FRA502-LAB-6632/install/lab3/share/lab3/environment/ament_prefix_path.dsv
[1.175s] -- Installing: /home/tnzacer/FRA502-LAB-6632/install/lab3/share/lab3/environment/path.sh
[1.175s] -- Installing: /home/tnzacer/FRA502-LAB-6632/install/lab3/share/lab3/environment/path.dsv
[1.175s] -- Installing: /home/tnzacer/FRA502-LAB-6632/install/lab3/share/lab3/local_setup.bash
[1.175s] -- Installing: /home/tnzacer/FRA502-LAB-6632/install/lab3/share/lab3/local_setup.sh
[1.175s] -- Installing: /home/tnzacer/FRA502-LAB-6632/install/lab3/share/lab3/local_setup.zsh
[1.175s] -- Installing: /home/tnzacer/FRA502-LAB-6632/install/lab3/share/lab3/local_setup.dsv
[1.175s] -- Installing: /home/tnzacer/FRA502-LAB-6632/install/lab3/share/lab3/package.dsv
[1.175s] -- Installing: /home/tnzacer/FRA502-LAB-6632/install/lab3/share/ament_index/resource_index/packages/lab3
[1.175s] -- Installing: /home/tnzacer/FRA502-LAB-6632/install/lab3/share/lab3/cmake/lab3Config.cmake
[1.175s] -- Installing: /home/tnzacer/FRA502-LAB-6632/install/lab3/share/lab3/cmake/lab3Config-version.cmake
[1.175s] -- Installing: /home/tnzacer/FRA502-LAB-6632/install/lab3/share/lab3/package.xml
[1.177s] Invoked command in '/home/tnzacer/FRA502-LAB-6632/build/lab3' returned '0': CMAKE_PREFIX_PATH=${CMAKE_PREFIX_PATH}:/home/tnzacer/L2_ws/install/launch_testing_examples:/home/tnzacer/L2_ws/install/examples_rclpy_pointcloud_publisher:/home/tnzacer/L2_ws/install/examples_rclpy_minimal_subscriber:/home/tnzacer/L2_ws/install/examples_rclpy_minimal_service:/home/tnzacer/L2_ws/install/examples_rclpy_minimal_publisher:/home/tnzacer/L2_ws/install/examples_rclpy_minimal_client:/home/tnzacer/L2_ws/install/examples_rclpy_minimal_action_server:/home/tnzacer/L2_ws/install/examples_rclpy_minimal_action_client:/home/tnzacer/L2_ws/install/examples_rclpy_guard_conditions:/home/tnzacer/L2_ws/install/examples_rclpy_executors:/opt/ros/humble /usr/bin/cmake --install /home/tnzacer/FRA502-LAB-6632/build/lab3
