[0.007s] Invoking command in '/home/tnzacer/FRA502-LAB-6632/build/lab2': CMAKE_PREFIX_PATH=${CMAKE_PREFIX_PATH}:/home/tnzacer/L2_ws/install/launch_testing_examples:/home/tnzacer/L2_ws/install/examples_rclpy_pointcloud_publisher:/home/tnzacer/L2_ws/install/examples_rclpy_minimal_subscriber:/home/tnzacer/L2_ws/install/examples_rclpy_minimal_service:/home/tnzacer/L2_ws/install/examples_rclpy_minimal_publisher:/home/tnzacer/L2_ws/install/examples_rclpy_minimal_client:/home/tnzacer/L2_ws/install/examples_rclpy_minimal_action_server:/home/tnzacer/L2_ws/install/examples_rclpy_minimal_action_client:/home/tnzacer/L2_ws/install/examples_rclpy_guard_conditions:/home/tnzacer/L2_ws/install/examples_rclpy_executors:/opt/ros/humble /usr/bin/cmake /home/tnzacer/FRA502-LAB-6632/src/lab2 -DCMAKE_INSTALL_PREFIX=/home/tnzacer/FRA502-LAB-6632/install/lab2
[0.062s] -- The C compiler identification is GNU 11.4.0
[0.126s] -- The CXX compiler identification is GNU 11.4.0
[0.131s] -- Detecting C compiler ABI info
[0.224s] -- Detecting C compiler ABI info - done
[0.232s] -- Check for working C compiler: /usr/bin/cc - skipped
[0.233s] -- Detecting C compile features
[0.233s] -- Detecting C compile features - done
[0.237s] -- Detecting CXX compiler ABI info
[0.324s] -- Detecting CXX compiler ABI info - done
[0.329s] -- Check for working CXX compiler: /usr/bin/c++ - skipped
[0.329s] -- Detecting CXX compile features
[0.330s] -- Detecting CXX compile features - done
[0.332s] -- Found ament_cmake: 1.3.12 (/opt/ros/humble/share/ament_cmake/cmake)
[0.473s] -- Found Python3: /usr/bin/python3 (found version "3.10.12") found components: Interpreter 
[0.539s] -- Found rclcpp: 16.0.14 (/opt/ros/humble/share/rclcpp/cmake)
[0.568s] -- Found rosidl_generator_c: 3.1.7 (/opt/ros/humble/share/rosidl_generator_c/cmake)
[0.572s] -- Found rosidl_adapter: 3.1.7 (/opt/ros/humble/share/rosidl_adapter/cmake)
[0.579s] -- Found rosidl_generator_cpp: 3.1.7 (/opt/ros/humble/share/rosidl_generator_cpp/cmake)
[0.586s] -- Using all available rosidl_typesupport_c: rosidl_typesupport_fastrtps_c;rosidl_typesupport_introspection_c
[0.597s] -- Using all available rosidl_typesupport_cpp: rosidl_typesupport_fastrtps_cpp;rosidl_typesupport_introspection_cpp
[0.626s] -- Found rmw_implementation_cmake: 6.1.2 (/opt/ros/humble/share/rmw_implementation_cmake/cmake)
[0.629s] -- Found rmw_fastrtps_cpp: 6.2.8 (/opt/ros/humble/share/rmw_fastrtps_cpp/cmake)
[0.707s] -- Found OpenSSL: /usr/lib/x86_64-linux-gnu/libcrypto.so (found version "3.0.2")  
[0.732s] -- Found FastRTPS: /opt/ros/humble/include  
[0.771s] -- Using RMW implementation 'rmw_fastrtps_cpp' as default
[0.780s] -- Looking for pthread.h
[0.871s] -- Looking for pthread.h - found
[0.872s] -- Performing Test CMAKE_HAVE_LIBC_PTHREAD
[0.967s] -- Performing Test CMAKE_HAVE_LIBC_PTHREAD - Success
[0.967s] -- Found Threads: TRUE  
[1.007s] -- Found rclpy: 3.3.17 (/opt/ros/humble/share/rclpy/cmake)
[1.106s] -- Configuring done
[1.110s] -- Generating done
[1.111s] -- Build files have been written to: /home/tnzacer/FRA502-LAB-6632/build/lab2
[1.118s] Invoked command in '/home/tnzacer/FRA502-LAB-6632/build/lab2' returned '0': CMAKE_PREFIX_PATH=${CMAKE_PREFIX_PATH}:/home/tnzacer/L2_ws/install/launch_testing_examples:/home/tnzacer/L2_ws/install/examples_rclpy_pointcloud_publisher:/home/tnzacer/L2_ws/install/examples_rclpy_minimal_subscriber:/home/tnzacer/L2_ws/install/examples_rclpy_minimal_service:/home/tnzacer/L2_ws/install/examples_rclpy_minimal_publisher:/home/tnzacer/L2_ws/install/examples_rclpy_minimal_client:/home/tnzacer/L2_ws/install/examples_rclpy_minimal_action_server:/home/tnzacer/L2_ws/install/examples_rclpy_minimal_action_client:/home/tnzacer/L2_ws/install/examples_rclpy_guard_conditions:/home/tnzacer/L2_ws/install/examples_rclpy_executors:/opt/ros/humble /usr/bin/cmake /home/tnzacer/FRA502-LAB-6632/src/lab2 -DCMAKE_INSTALL_PREFIX=/home/tnzacer/FRA502-LAB-6632/install/lab2
[1.119s] Invoking command in '/home/tnzacer/FRA502-LAB-6632/build/lab2': CMAKE_PREFIX_PATH=${CMAKE_PREFIX_PATH}:/home/tnzacer/L2_ws/install/launch_testing_examples:/home/tnzacer/L2_ws/install/examples_rclpy_pointcloud_publisher:/home/tnzacer/L2_ws/install/examples_rclpy_minimal_subscriber:/home/tnzacer/L2_ws/install/examples_rclpy_minimal_service:/home/tnzacer/L2_ws/install/examples_rclpy_minimal_publisher:/home/tnzacer/L2_ws/install/examples_rclpy_minimal_client:/home/tnzacer/L2_ws/install/examples_rclpy_minimal_action_server:/home/tnzacer/L2_ws/install/examples_rclpy_minimal_action_client:/home/tnzacer/L2_ws/install/examples_rclpy_guard_conditions:/home/tnzacer/L2_ws/install/examples_rclpy_executors:/opt/ros/humble /usr/bin/cmake --build /home/tnzacer/FRA502-LAB-6632/build/lab2 -- -j24 -l24
[1.175s] [ 50%] [32mBuilding CXX object CMakeFiles/cpp_node_test.dir/src/cpp_node.cpp.o[0m
[1.182s] [ 50%] Built target ament_cmake_python_copy_lab2
[1.318s] [100%] [32m[1mLinking CXX executable cpp_node_test[0m
[1.324s] running egg_info
[1.325s] creating lab2.egg-info
[1.325s] writing lab2.egg-info/PKG-INFO
[1.325s] writing dependency_links to lab2.egg-info/dependency_links.txt
[1.325s] writing top-level names to lab2.egg-info/top_level.txt
[1.325s] writing manifest file 'lab2.egg-info/SOURCES.txt'
[1.326s] reading manifest file 'lab2.egg-info/SOURCES.txt'
[1.327s] writing manifest file 'lab2.egg-info/SOURCES.txt'
[1.343s] [100%] Built target ament_cmake_python_build_lab2_egg
[1.372s] [100%] Built target cpp_node_test
[1.380s] Invoked command in '/home/tnzacer/FRA502-LAB-6632/build/lab2' returned '0': CMAKE_PREFIX_PATH=${CMAKE_PREFIX_PATH}:/home/tnzacer/L2_ws/install/launch_testing_examples:/home/tnzacer/L2_ws/install/examples_rclpy_pointcloud_publisher:/home/tnzacer/L2_ws/install/examples_rclpy_minimal_subscriber:/home/tnzacer/L2_ws/install/examples_rclpy_minimal_service:/home/tnzacer/L2_ws/install/examples_rclpy_minimal_publisher:/home/tnzacer/L2_ws/install/examples_rclpy_minimal_client:/home/tnzacer/L2_ws/install/examples_rclpy_minimal_action_server:/home/tnzacer/L2_ws/install/examples_rclpy_minimal_action_client:/home/tnzacer/L2_ws/install/examples_rclpy_guard_conditions:/home/tnzacer/L2_ws/install/examples_rclpy_executors:/opt/ros/humble /usr/bin/cmake --build /home/tnzacer/FRA502-LAB-6632/build/lab2 -- -j24 -l24
[1.388s] Invoking command in '/home/tnzacer/FRA502-LAB-6632/build/lab2': CMAKE_PREFIX_PATH=${CMAKE_PREFIX_PATH}:/home/tnzacer/L2_ws/install/launch_testing_examples:/home/tnzacer/L2_ws/install/examples_rclpy_pointcloud_publisher:/home/tnzacer/L2_ws/install/examples_rclpy_minimal_subscriber:/home/tnzacer/L2_ws/install/examples_rclpy_minimal_service:/home/tnzacer/L2_ws/install/examples_rclpy_minimal_publisher:/home/tnzacer/L2_ws/install/examples_rclpy_minimal_client:/home/tnzacer/L2_ws/install/examples_rclpy_minimal_action_server:/home/tnzacer/L2_ws/install/examples_rclpy_minimal_action_client:/home/tnzacer/L2_ws/install/examples_rclpy_guard_conditions:/home/tnzacer/L2_ws/install/examples_rclpy_executors:/opt/ros/humble /usr/bin/cmake --install /home/tnzacer/FRA502-LAB-6632/build/lab2
[1.394s] -- Install configuration: ""
[1.395s] -- Installing: /home/tnzacer/FRA502-LAB-6632/install/lab2/share/lab2/environment/pythonpath.sh
[1.395s] -- Installing: /home/tnzacer/FRA502-LAB-6632/install/lab2/share/lab2/environment/pythonpath.dsv
[1.395s] -- Installing: /home/tnzacer/FRA502-LAB-6632/install/lab2/local/lib/python3.10/dist-packages/lab2-0.0.0-py3.10.egg-info
[1.395s] -- Installing: /home/tnzacer/FRA502-LAB-6632/install/lab2/local/lib/python3.10/dist-packages/lab2-0.0.0-py3.10.egg-info/dependency_links.txt
[1.395s] -- Installing: /home/tnzacer/FRA502-LAB-6632/install/lab2/local/lib/python3.10/dist-packages/lab2-0.0.0-py3.10.egg-info/SOURCES.txt
[1.395s] -- Installing: /home/tnzacer/FRA502-LAB-6632/install/lab2/local/lib/python3.10/dist-packages/lab2-0.0.0-py3.10.egg-info/PKG-INFO
[1.395s] -- Installing: /home/tnzacer/FRA502-LAB-6632/install/lab2/local/lib/python3.10/dist-packages/lab2-0.0.0-py3.10.egg-info/top_level.txt
[1.395s] -- Installing: /home/tnzacer/FRA502-LAB-6632/install/lab2/local/lib/python3.10/dist-packages/lab2
[1.395s] -- Installing: /home/tnzacer/FRA502-LAB-6632/install/lab2/local/lib/python3.10/dist-packages/lab2/__init__.py
[1.395s] -- Installing: /home/tnzacer/FRA502-LAB-6632/install/lab2/local/lib/python3.10/dist-packages/lab2/dummy_module.py
[1.430s] Listing '/home/tnzacer/FRA502-LAB-6632/install/lab2/local/lib/python3.10/dist-packages/lab2'...
[1.430s] Compiling '/home/tnzacer/FRA502-LAB-6632/install/lab2/local/lib/python3.10/dist-packages/lab2/__init__.py'...
[1.430s] Compiling '/home/tnzacer/FRA502-LAB-6632/install/lab2/local/lib/python3.10/dist-packages/lab2/dummy_module.py'...
[1.433s] -- Installing: /home/tnzacer/FRA502-LAB-6632/install/lab2/lib/lab2/dummy_script.py
[1.433s] -- Installing: /home/tnzacer/FRA502-LAB-6632/install/lab2/lib/lab2/cpp_node_test
[1.433s] -- Set runtime path of "/home/tnzacer/FRA502-LAB-6632/install/lab2/lib/lab2/cpp_node_test" to ""
[1.433s] -- Up-to-date: /home/tnzacer/FRA502-LAB-6632/install/lab2/share/lab2
[1.433s] -- Installing: /home/tnzacer/FRA502-LAB-6632/install/lab2/share/ament_index/resource_index/package_run_dependencies/lab2
[1.434s] -- Installing: /home/tnzacer/FRA502-LAB-6632/install/lab2/share/ament_index/resource_index/parent_prefix_path/lab2
[1.434s] -- Installing: /home/tnzacer/FRA502-LAB-6632/install/lab2/share/lab2/environment/ament_prefix_path.sh
[1.434s] -- Installing: /home/tnzacer/FRA502-LAB-6632/install/lab2/share/lab2/environment/ament_prefix_path.dsv
[1.434s] -- Installing: /home/tnzacer/FRA502-LAB-6632/install/lab2/share/lab2/environment/path.sh
[1.434s] -- Installing: /home/tnzacer/FRA502-LAB-6632/install/lab2/share/lab2/environment/path.dsv
[1.434s] -- Installing: /home/tnzacer/FRA502-LAB-6632/install/lab2/share/lab2/local_setup.bash
[1.434s] -- Installing: /home/tnzacer/FRA502-LAB-6632/install/lab2/share/lab2/local_setup.sh
[1.434s] -- Installing: /home/tnzacer/FRA502-LAB-6632/install/lab2/share/lab2/local_setup.zsh
[1.434s] -- Installing: /home/tnzacer/FRA502-LAB-6632/install/lab2/share/lab2/local_setup.dsv
[1.434s] -- Installing: /home/tnzacer/FRA502-LAB-6632/install/lab2/share/lab2/package.dsv
[1.434s] -- Installing: /home/tnzacer/FRA502-LAB-6632/install/lab2/share/ament_index/resource_index/packages/lab2
[1.434s] -- Installing: /home/tnzacer/FRA502-LAB-6632/install/lab2/share/lab2/cmake/lab2Config.cmake
[1.434s] -- Installing: /home/tnzacer/FRA502-LAB-6632/install/lab2/share/lab2/cmake/lab2Config-version.cmake
[1.434s] -- Installing: /home/tnzacer/FRA502-LAB-6632/install/lab2/share/lab2/package.xml
[1.435s] Invoked command in '/home/tnzacer/FRA502-LAB-6632/build/lab2' returned '0': CMAKE_PREFIX_PATH=${CMAKE_PREFIX_PATH}:/home/tnzacer/L2_ws/install/launch_testing_examples:/home/tnzacer/L2_ws/install/examples_rclpy_pointcloud_publisher:/home/tnzacer/L2_ws/install/examples_rclpy_minimal_subscriber:/home/tnzacer/L2_ws/install/examples_rclpy_minimal_service:/home/tnzacer/L2_ws/install/examples_rclpy_minimal_publisher:/home/tnzacer/L2_ws/install/examples_rclpy_minimal_client:/home/tnzacer/L2_ws/install/examples_rclpy_minimal_action_server:/home/tnzacer/L2_ws/install/examples_rclpy_minimal_action_client:/home/tnzacer/L2_ws/install/examples_rclpy_guard_conditions:/home/tnzacer/L2_ws/install/examples_rclpy_executors:/opt/ros/humble /usr/bin/cmake --install /home/tnzacer/FRA502-LAB-6632/build/lab2
