[0.058s] DEBUG:colcon:Command line arguments: ['/usr/bin/colcon', 'build', '--packages-select', 'lab2']
[0.058s] DEBUG:colcon:Parsed command line arguments: Namespace(log_base=None, log_level=None, verb_name='build', build_base='build', install_base='install', merge_install=False, symlink_install=False, test_result_base=None, continue_on_error=False, executor='parallel', parallel_workers=24, event_handlers=None, ignore_user_meta=False, metas=['./colcon.meta'], base_paths=['.'], packages_ignore=None, packages_ignore_regex=None, paths=None, packages_up_to=None, packages_up_to_regex=None, packages_above=None, packages_above_and_dependencies=None, packages_above_depth=None, packages_select_by_dep=None, packages_skip_by_dep=None, packages_skip_up_to=None, packages_select_build_failed=False, packages_skip_build_finished=False, packages_select_test_failures=False, packages_skip_test_passed=False, packages_select=['lab2'], packages_skip=None, packages_select_regex=None, packages_skip_regex=None, packages_start=None, packages_end=None, allow_overriding=[], cmake_args=None, cmake_target=None, cmake_target_skip_unavailable=False, cmake_clean_cache=False, cmake_clean_first=False, cmake_force_configure=False, ament_cmake_args=None, catkin_cmake_args=None, catkin_skip_building_tests=False, verb_parser=<colcon_defaults.argument_parser.defaults.DefaultArgumentsDecorator object at 0x715d345908b0>, verb_extension=<colcon_core.verb.build.BuildVerb object at 0x715d34590310>, main=<bound method BuildVerb.main of <colcon_core.verb.build.BuildVerb object at 0x715d34590310>>)
[0.149s] Level 1:colcon.colcon_core.package_discovery:discover_packages(colcon_meta) check parameters
[0.149s] Level 1:colcon.colcon_core.package_discovery:discover_packages(recursive) check parameters
[0.149s] Level 1:colcon.colcon_core.package_discovery:discover_packages(ignore) check parameters
[0.149s] Level 1:colcon.colcon_core.package_discovery:discover_packages(path) check parameters
[0.149s] Level 1:colcon.colcon_core.package_discovery:discover_packages(colcon_meta) discover
[0.149s] Level 1:colcon.colcon_core.package_discovery:discover_packages(recursive) discover
[0.149s] INFO:colcon.colcon_core.package_discovery:Crawling recursively for packages in '/home/tnzacer/FRA502-LAB-6632'
[0.149s] Level 1:colcon.colcon_core.package_identification:_identify(.) by extensions ['ignore', 'ignore_ament_install']
[0.149s] Level 1:colcon.colcon_core.package_identification:_identify(.) by extension 'ignore'
[0.149s] Level 1:colcon.colcon_core.package_identification:_identify(.) by extension 'ignore_ament_install'
[0.149s] Level 1:colcon.colcon_core.package_identification:_identify(.) by extensions ['colcon_pkg']
[0.149s] Level 1:colcon.colcon_core.package_identification:_identify(.) by extension 'colcon_pkg'
[0.149s] Level 1:colcon.colcon_core.package_identification:_identify(.) by extensions ['colcon_meta']
[0.149s] Level 1:colcon.colcon_core.package_identification:_identify(.) by extension 'colcon_meta'
[0.149s] Level 1:colcon.colcon_core.package_identification:_identify(.) by extensions ['ros']
[0.149s] Level 1:colcon.colcon_core.package_identification:_identify(.) by extension 'ros'
[0.155s] Level 1:colcon.colcon_core.package_identification:_identify(.) by extensions ['cmake', 'python']
[0.155s] Level 1:colcon.colcon_core.package_identification:_identify(.) by extension 'cmake'
[0.155s] Level 1:colcon.colcon_core.package_identification:_identify(.) by extension 'python'
[0.155s] Level 1:colcon.colcon_core.package_identification:_identify(.) by extensions ['python_setup_py']
[0.155s] Level 1:colcon.colcon_core.package_identification:_identify(.) by extension 'python_setup_py'
[0.155s] Level 1:colcon.colcon_core.package_identification:_identify(build) by extensions ['ignore', 'ignore_ament_install']
[0.155s] Level 1:colcon.colcon_core.package_identification:_identify(build) by extension 'ignore'
[0.155s] Level 1:colcon.colcon_core.package_identification:_identify(build) ignored
[0.155s] Level 1:colcon.colcon_core.package_identification:_identify(install) by extensions ['ignore', 'ignore_ament_install']
[0.156s] Level 1:colcon.colcon_core.package_identification:_identify(install) by extension 'ignore'
[0.156s] Level 1:colcon.colcon_core.package_identification:_identify(install) ignored
[0.156s] Level 1:colcon.colcon_core.package_identification:_identify(log) by extensions ['ignore', 'ignore_ament_install']
[0.156s] Level 1:colcon.colcon_core.package_identification:_identify(log) by extension 'ignore'
[0.156s] Level 1:colcon.colcon_core.package_identification:_identify(log) ignored
[0.156s] Level 1:colcon.colcon_core.package_identification:_identify(src) by extensions ['ignore', 'ignore_ament_install']
[0.156s] Level 1:colcon.colcon_core.package_identification:_identify(src) by extension 'ignore'
[0.156s] Level 1:colcon.colcon_core.package_identification:_identify(src) by extension 'ignore_ament_install'
[0.156s] Level 1:colcon.colcon_core.package_identification:_identify(src) by extensions ['colcon_pkg']
[0.156s] Level 1:colcon.colcon_core.package_identification:_identify(src) by extension 'colcon_pkg'
[0.156s] Level 1:colcon.colcon_core.package_identification:_identify(src) by extensions ['colcon_meta']
[0.156s] Level 1:colcon.colcon_core.package_identification:_identify(src) by extension 'colcon_meta'
[0.156s] Level 1:colcon.colcon_core.package_identification:_identify(src) by extensions ['ros']
[0.156s] Level 1:colcon.colcon_core.package_identification:_identify(src) by extension 'ros'
[0.156s] Level 1:colcon.colcon_core.package_identification:_identify(src) by extensions ['cmake', 'python']
[0.156s] Level 1:colcon.colcon_core.package_identification:_identify(src) by extension 'cmake'
[0.156s] Level 1:colcon.colcon_core.package_identification:_identify(src) by extension 'python'
[0.156s] Level 1:colcon.colcon_core.package_identification:_identify(src) by extensions ['python_setup_py']
[0.156s] Level 1:colcon.colcon_core.package_identification:_identify(src) by extension 'python_setup_py'
[0.156s] Level 1:colcon.colcon_core.package_identification:_identify(src/build) by extensions ['ignore', 'ignore_ament_install']
[0.156s] Level 1:colcon.colcon_core.package_identification:_identify(src/build) by extension 'ignore'
[0.156s] Level 1:colcon.colcon_core.package_identification:_identify(src/build) ignored
[0.156s] Level 1:colcon.colcon_core.package_identification:_identify(src/install) by extensions ['ignore', 'ignore_ament_install']
[0.156s] Level 1:colcon.colcon_core.package_identification:_identify(src/install) by extension 'ignore'
[0.156s] Level 1:colcon.colcon_core.package_identification:_identify(src/install) ignored
[0.156s] Level 1:colcon.colcon_core.package_identification:_identify(src/lab2) by extensions ['ignore', 'ignore_ament_install']
[0.156s] Level 1:colcon.colcon_core.package_identification:_identify(src/lab2) by extension 'ignore'
[0.156s] Level 1:colcon.colcon_core.package_identification:_identify(src/lab2) by extension 'ignore_ament_install'
[0.156s] Level 1:colcon.colcon_core.package_identification:_identify(src/lab2) by extensions ['colcon_pkg']
[0.156s] Level 1:colcon.colcon_core.package_identification:_identify(src/lab2) by extension 'colcon_pkg'
[0.156s] Level 1:colcon.colcon_core.package_identification:_identify(src/lab2) by extensions ['colcon_meta']
[0.156s] Level 1:colcon.colcon_core.package_identification:_identify(src/lab2) by extension 'colcon_meta'
[0.156s] Level 1:colcon.colcon_core.package_identification:_identify(src/lab2) by extensions ['ros']
[0.156s] Level 1:colcon.colcon_core.package_identification:_identify(src/lab2) by extension 'ros'
[0.158s] DEBUG:colcon.colcon_core.package_identification:Package 'src/lab2' with type 'ros.ament_cmake' and name 'lab2'
[0.158s] Level 1:colcon.colcon_core.package_identification:_identify(src/log) by extensions ['ignore', 'ignore_ament_install']
[0.158s] Level 1:colcon.colcon_core.package_identification:_identify(src/log) by extension 'ignore'
[0.158s] Level 1:colcon.colcon_core.package_identification:_identify(src/log) ignored
[0.158s] Level 1:colcon.colcon_core.package_identification:_identify(src/src) by extensions ['ignore', 'ignore_ament_install']
[0.158s] Level 1:colcon.colcon_core.package_identification:_identify(src/src) by extension 'ignore'
[0.158s] Level 1:colcon.colcon_core.package_identification:_identify(src/src) by extension 'ignore_ament_install'
[0.158s] Level 1:colcon.colcon_core.package_identification:_identify(src/src) by extensions ['colcon_pkg']
[0.158s] Level 1:colcon.colcon_core.package_identification:_identify(src/src) by extension 'colcon_pkg'
[0.158s] Level 1:colcon.colcon_core.package_identification:_identify(src/src) by extensions ['colcon_meta']
[0.158s] Level 1:colcon.colcon_core.package_identification:_identify(src/src) by extension 'colcon_meta'
[0.158s] Level 1:colcon.colcon_core.package_identification:_identify(src/src) by extensions ['ros']
[0.158s] Level 1:colcon.colcon_core.package_identification:_identify(src/src) by extension 'ros'
[0.158s] Level 1:colcon.colcon_core.package_identification:_identify(src/src) by extensions ['cmake', 'python']
[0.158s] Level 1:colcon.colcon_core.package_identification:_identify(src/src) by extension 'cmake'
[0.158s] Level 1:colcon.colcon_core.package_identification:_identify(src/src) by extension 'python'
[0.158s] Level 1:colcon.colcon_core.package_identification:_identify(src/src) by extensions ['python_setup_py']
[0.158s] Level 1:colcon.colcon_core.package_identification:_identify(src/src) by extension 'python_setup_py'
[0.158s] Level 1:colcon.colcon_core.package_identification:_identify(src/turtlesim_plus) by extensions ['ignore', 'ignore_ament_install']
[0.158s] Level 1:colcon.colcon_core.package_identification:_identify(src/turtlesim_plus) by extension 'ignore'
[0.158s] Level 1:colcon.colcon_core.package_identification:_identify(src/turtlesim_plus) by extension 'ignore_ament_install'
[0.158s] Level 1:colcon.colcon_core.package_identification:_identify(src/turtlesim_plus) by extensions ['colcon_pkg']
[0.158s] Level 1:colcon.colcon_core.package_identification:_identify(src/turtlesim_plus) by extension 'colcon_pkg'
[0.158s] Level 1:colcon.colcon_core.package_identification:_identify(src/turtlesim_plus) by extensions ['colcon_meta']
[0.158s] Level 1:colcon.colcon_core.package_identification:_identify(src/turtlesim_plus) by extension 'colcon_meta'
[0.158s] Level 1:colcon.colcon_core.package_identification:_identify(src/turtlesim_plus) by extensions ['ros']
[0.158s] Level 1:colcon.colcon_core.package_identification:_identify(src/turtlesim_plus) by extension 'ros'
[0.158s] Level 1:colcon.colcon_core.package_identification:_identify(src/turtlesim_plus) by extensions ['cmake', 'python']
[0.158s] Level 1:colcon.colcon_core.package_identification:_identify(src/turtlesim_plus) by extension 'cmake'
[0.158s] Level 1:colcon.colcon_core.package_identification:_identify(src/turtlesim_plus) by extension 'python'
[0.158s] Level 1:colcon.colcon_core.package_identification:_identify(src/turtlesim_plus) by extensions ['python_setup_py']
[0.158s] Level 1:colcon.colcon_core.package_identification:_identify(src/turtlesim_plus) by extension 'python_setup_py'
[0.158s] Level 1:colcon.colcon_core.package_identification:_identify(src/turtlesim_plus/turtlesim_plus) by extensions ['ignore', 'ignore_ament_install']
[0.158s] Level 1:colcon.colcon_core.package_identification:_identify(src/turtlesim_plus/turtlesim_plus) by extension 'ignore'
[0.159s] Level 1:colcon.colcon_core.package_identification:_identify(src/turtlesim_plus/turtlesim_plus) by extension 'ignore_ament_install'
[0.159s] Level 1:colcon.colcon_core.package_identification:_identify(src/turtlesim_plus/turtlesim_plus) by extensions ['colcon_pkg']
[0.159s] Level 1:colcon.colcon_core.package_identification:_identify(src/turtlesim_plus/turtlesim_plus) by extension 'colcon_pkg'
[0.159s] Level 1:colcon.colcon_core.package_identification:_identify(src/turtlesim_plus/turtlesim_plus) by extensions ['colcon_meta']
[0.159s] Level 1:colcon.colcon_core.package_identification:_identify(src/turtlesim_plus/turtlesim_plus) by extension 'colcon_meta'
[0.159s] Level 1:colcon.colcon_core.package_identification:_identify(src/turtlesim_plus/turtlesim_plus) by extensions ['ros']
[0.159s] Level 1:colcon.colcon_core.package_identification:_identify(src/turtlesim_plus/turtlesim_plus) by extension 'ros'
[0.159s] DEBUG:colcon.colcon_core.package_identification:Package 'src/turtlesim_plus/turtlesim_plus' with type 'ros.ament_cmake' and name 'turtlesim_plus'
[0.159s] Level 1:colcon.colcon_core.package_identification:_identify(src/turtlesim_plus/turtlesim_plus_interfaces) by extensions ['ignore', 'ignore_ament_install']
[0.159s] Level 1:colcon.colcon_core.package_identification:_identify(src/turtlesim_plus/turtlesim_plus_interfaces) by extension 'ignore'
[0.159s] Level 1:colcon.colcon_core.package_identification:_identify(src/turtlesim_plus/turtlesim_plus_interfaces) by extension 'ignore_ament_install'
[0.159s] Level 1:colcon.colcon_core.package_identification:_identify(src/turtlesim_plus/turtlesim_plus_interfaces) by extensions ['colcon_pkg']
[0.159s] Level 1:colcon.colcon_core.package_identification:_identify(src/turtlesim_plus/turtlesim_plus_interfaces) by extension 'colcon_pkg'
[0.159s] Level 1:colcon.colcon_core.package_identification:_identify(src/turtlesim_plus/turtlesim_plus_interfaces) by extensions ['colcon_meta']
[0.159s] Level 1:colcon.colcon_core.package_identification:_identify(src/turtlesim_plus/turtlesim_plus_interfaces) by extension 'colcon_meta'
[0.159s] Level 1:colcon.colcon_core.package_identification:_identify(src/turtlesim_plus/turtlesim_plus_interfaces) by extensions ['ros']
[0.159s] Level 1:colcon.colcon_core.package_identification:_identify(src/turtlesim_plus/turtlesim_plus_interfaces) by extension 'ros'
[0.160s] DEBUG:colcon.colcon_core.package_identification:Package 'src/turtlesim_plus/turtlesim_plus_interfaces' with type 'ros.ament_cmake' and name 'turtlesim_plus_interfaces'
[0.160s] Level 1:colcon.colcon_core.package_discovery:discover_packages(recursive) using defaults
[0.160s] Level 1:colcon.colcon_core.package_discovery:discover_packages(ignore) discover
[0.160s] Level 1:colcon.colcon_core.package_discovery:discover_packages(ignore) using defaults
[0.160s] Level 1:colcon.colcon_core.package_discovery:discover_packages(path) discover
[0.160s] Level 1:colcon.colcon_core.package_discovery:discover_packages(path) using defaults
[0.175s] INFO:colcon.colcon_core.package_selection:Skipping not selected package 'turtlesim_plus' in 'src/turtlesim_plus/turtlesim_plus'
[0.175s] INFO:colcon.colcon_core.package_selection:Skipping not selected package 'turtlesim_plus_interfaces' in 'src/turtlesim_plus/turtlesim_plus_interfaces'
[0.175s] Level 1:colcon.colcon_core.package_discovery:discover_packages(prefix_path) check parameters
[0.175s] Level 1:colcon.colcon_core.package_discovery:discover_packages(prefix_path) discover
[0.176s] WARNING:colcon.colcon_core.prefix_path.colcon:The path '/home/tnzacer/ARCS2/install' in the environment variable COLCON_PREFIX_PATH doesn't exist
[0.176s] WARNING:colcon.colcon_ros.prefix_path.ament:The path '/home/tnzacer/ARCS2/install/motorsim_interfaces' in the environment variable AMENT_PREFIX_PATH doesn't exist
[0.176s] WARNING:colcon.colcon_ros.prefix_path.ament:The path '/home/tnzacer/ARCS2/install/motorsim' in the environment variable AMENT_PREFIX_PATH doesn't exist
[0.176s] WARNING:colcon.colcon_ros.prefix_path.ament:The path '/home/tnzacer/ARCS2/install/diffdrivekine' in the environment variable AMENT_PREFIX_PATH doesn't exist
[0.176s] WARNING:colcon.colcon_ros.prefix_path.catkin:The path '/home/tnzacer/ARCS2/install/motorsim_interfaces' in the environment variable CMAKE_PREFIX_PATH doesn't exist
[0.176s] WARNING:colcon.colcon_ros.prefix_path.catkin:The path '/home/tnzacer/ARCS2/install/motorsim' in the environment variable CMAKE_PREFIX_PATH doesn't exist
[0.176s] WARNING:colcon.colcon_ros.prefix_path.catkin:The path '/home/tnzacer/ARCS2/install/diffdrivekine' in the environment variable CMAKE_PREFIX_PATH doesn't exist
[0.177s] DEBUG:colcon.colcon_installed_package_information.package_discovery:Found 0 installed packages in /home/tnzacer/FRA502-LAB-6632/src/install
[0.177s] DEBUG:colcon.colcon_installed_package_information.package_discovery:Found 0 installed packages in /home/tnzacer/FRA502-LAB-6632/install
[0.177s] DEBUG:colcon.colcon_installed_package_information.package_discovery:Found 25 installed packages in /home/tnzacer/L2_ws/install
[0.178s] DEBUG:colcon.colcon_installed_package_information.package_discovery:Found 340 installed packages in /opt/ros/humble
[0.179s] Level 1:colcon.colcon_core.package_discovery:discover_packages(prefix_path) using defaults
[0.201s] Level 5:colcon.colcon_core.verb:set package 'lab2' build argument 'cmake_args' from command line to 'None'
[0.201s] Level 5:colcon.colcon_core.verb:set package 'lab2' build argument 'cmake_target' from command line to 'None'
[0.201s] Level 5:colcon.colcon_core.verb:set package 'lab2' build argument 'cmake_target_skip_unavailable' from command line to 'False'
[0.202s] Level 5:colcon.colcon_core.verb:set package 'lab2' build argument 'cmake_clean_cache' from command line to 'False'
[0.202s] Level 5:colcon.colcon_core.verb:set package 'lab2' build argument 'cmake_clean_first' from command line to 'False'
[0.202s] Level 5:colcon.colcon_core.verb:set package 'lab2' build argument 'cmake_force_configure' from command line to 'False'
[0.202s] Level 5:colcon.colcon_core.verb:set package 'lab2' build argument 'ament_cmake_args' from command line to 'None'
[0.202s] Level 5:colcon.colcon_core.verb:set package 'lab2' build argument 'catkin_cmake_args' from command line to 'None'
[0.202s] Level 5:colcon.colcon_core.verb:set package 'lab2' build argument 'catkin_skip_building_tests' from command line to 'False'
[0.202s] DEBUG:colcon.colcon_core.verb:Building package 'lab2' with the following arguments: {'ament_cmake_args': None, 'build_base': '/home/tnzacer/FRA502-LAB-6632/build/lab2', 'catkin_cmake_args': None, 'catkin_skip_building_tests': False, 'cmake_args': None, 'cmake_clean_cache': False, 'cmake_clean_first': False, 'cmake_force_configure': False, 'cmake_target': None, 'cmake_target_skip_unavailable': False, 'install_base': '/home/tnzacer/FRA502-LAB-6632/install/lab2', 'merge_install': False, 'path': '/home/tnzacer/FRA502-LAB-6632/src/lab2', 'symlink_install': False, 'test_result_base': None}
[0.202s] INFO:colcon.colcon_core.executor:Executing jobs using 'parallel' executor
[0.202s] DEBUG:colcon.colcon_parallel_executor.executor.parallel:run_until_complete
[0.203s] INFO:colcon.colcon_ros.task.ament_cmake.build:Building ROS package in '/home/tnzacer/FRA502-LAB-6632/src/lab2' with build type 'ament_cmake'
[0.203s] INFO:colcon.colcon_cmake.task.cmake.build:Building CMake package in '/home/tnzacer/FRA502-LAB-6632/src/lab2'
[0.204s] INFO:colcon.colcon_core.plugin_system:Skipping extension 'colcon_core.shell.bat': Not used on non-Windows systems
[0.204s] INFO:colcon.colcon_core.shell:Skip shell extension 'powershell' for command environment: Not usable outside of PowerShell
[0.204s] DEBUG:colcon.colcon_core.shell:Skip shell extension 'dsv' for command environment
[0.210s] DEBUG:colcon.colcon_core.event_handler.log_command:Invoking command in '/home/tnzacer/FRA502-LAB-6632/build/lab2': CMAKE_PREFIX_PATH=${CMAKE_PREFIX_PATH}:/home/tnzacer/L2_ws/install/launch_testing_examples:/home/tnzacer/L2_ws/install/examples_rclpy_pointcloud_publisher:/home/tnzacer/L2_ws/install/examples_rclpy_minimal_subscriber:/home/tnzacer/L2_ws/install/examples_rclpy_minimal_service:/home/tnzacer/L2_ws/install/examples_rclpy_minimal_publisher:/home/tnzacer/L2_ws/install/examples_rclpy_minimal_client:/home/tnzacer/L2_ws/install/examples_rclpy_minimal_action_server:/home/tnzacer/L2_ws/install/examples_rclpy_minimal_action_client:/home/tnzacer/L2_ws/install/examples_rclpy_guard_conditions:/home/tnzacer/L2_ws/install/examples_rclpy_executors:/opt/ros/humble /usr/bin/cmake /home/tnzacer/FRA502-LAB-6632/src/lab2 -DCMAKE_INSTALL_PREFIX=/home/tnzacer/FRA502-LAB-6632/install/lab2
[1.321s] DEBUG:colcon.colcon_core.event_handler.log_command:Invoked command in '/home/tnzacer/FRA502-LAB-6632/build/lab2' returned '0': CMAKE_PREFIX_PATH=${CMAKE_PREFIX_PATH}:/home/tnzacer/L2_ws/install/launch_testing_examples:/home/tnzacer/L2_ws/install/examples_rclpy_pointcloud_publisher:/home/tnzacer/L2_ws/install/examples_rclpy_minimal_subscriber:/home/tnzacer/L2_ws/install/examples_rclpy_minimal_service:/home/tnzacer/L2_ws/install/examples_rclpy_minimal_publisher:/home/tnzacer/L2_ws/install/examples_rclpy_minimal_client:/home/tnzacer/L2_ws/install/examples_rclpy_minimal_action_server:/home/tnzacer/L2_ws/install/examples_rclpy_minimal_action_client:/home/tnzacer/L2_ws/install/examples_rclpy_guard_conditions:/home/tnzacer/L2_ws/install/examples_rclpy_executors:/opt/ros/humble /usr/bin/cmake /home/tnzacer/FRA502-LAB-6632/src/lab2 -DCMAKE_INSTALL_PREFIX=/home/tnzacer/FRA502-LAB-6632/install/lab2
[1.322s] DEBUG:colcon.colcon_core.event_handler.log_command:Invoking command in '/home/tnzacer/FRA502-LAB-6632/build/lab2': CMAKE_PREFIX_PATH=${CMAKE_PREFIX_PATH}:/home/tnzacer/L2_ws/install/launch_testing_examples:/home/tnzacer/L2_ws/install/examples_rclpy_pointcloud_publisher:/home/tnzacer/L2_ws/install/examples_rclpy_minimal_subscriber:/home/tnzacer/L2_ws/install/examples_rclpy_minimal_service:/home/tnzacer/L2_ws/install/examples_rclpy_minimal_publisher:/home/tnzacer/L2_ws/install/examples_rclpy_minimal_client:/home/tnzacer/L2_ws/install/examples_rclpy_minimal_action_server:/home/tnzacer/L2_ws/install/examples_rclpy_minimal_action_client:/home/tnzacer/L2_ws/install/examples_rclpy_guard_conditions:/home/tnzacer/L2_ws/install/examples_rclpy_executors:/opt/ros/humble /usr/bin/cmake --build /home/tnzacer/FRA502-LAB-6632/build/lab2 -- -j24 -l24
[1.583s] DEBUG:colcon.colcon_core.event_handler.log_command:Invoked command in '/home/tnzacer/FRA502-LAB-6632/build/lab2' returned '0': CMAKE_PREFIX_PATH=${CMAKE_PREFIX_PATH}:/home/tnzacer/L2_ws/install/launch_testing_examples:/home/tnzacer/L2_ws/install/examples_rclpy_pointcloud_publisher:/home/tnzacer/L2_ws/install/examples_rclpy_minimal_subscriber:/home/tnzacer/L2_ws/install/examples_rclpy_minimal_service:/home/tnzacer/L2_ws/install/examples_rclpy_minimal_publisher:/home/tnzacer/L2_ws/install/examples_rclpy_minimal_client:/home/tnzacer/L2_ws/install/examples_rclpy_minimal_action_server:/home/tnzacer/L2_ws/install/examples_rclpy_minimal_action_client:/home/tnzacer/L2_ws/install/examples_rclpy_guard_conditions:/home/tnzacer/L2_ws/install/examples_rclpy_executors:/opt/ros/humble /usr/bin/cmake --build /home/tnzacer/FRA502-LAB-6632/build/lab2 -- -j24 -l24
[1.591s] DEBUG:colcon.colcon_core.event_handler.log_command:Invoking command in '/home/tnzacer/FRA502-LAB-6632/build/lab2': CMAKE_PREFIX_PATH=${CMAKE_PREFIX_PATH}:/home/tnzacer/L2_ws/install/launch_testing_examples:/home/tnzacer/L2_ws/install/examples_rclpy_pointcloud_publisher:/home/tnzacer/L2_ws/install/examples_rclpy_minimal_subscriber:/home/tnzacer/L2_ws/install/examples_rclpy_minimal_service:/home/tnzacer/L2_ws/install/examples_rclpy_minimal_publisher:/home/tnzacer/L2_ws/install/examples_rclpy_minimal_client:/home/tnzacer/L2_ws/install/examples_rclpy_minimal_action_server:/home/tnzacer/L2_ws/install/examples_rclpy_minimal_action_client:/home/tnzacer/L2_ws/install/examples_rclpy_guard_conditions:/home/tnzacer/L2_ws/install/examples_rclpy_executors:/opt/ros/humble /usr/bin/cmake --install /home/tnzacer/FRA502-LAB-6632/build/lab2
[1.638s] Level 1:colcon.colcon_core.environment:create_environment_scripts_only(lab2)
[1.638s] DEBUG:colcon.colcon_core.event_handler.log_command:Invoked command in '/home/tnzacer/FRA502-LAB-6632/build/lab2' returned '0': CMAKE_PREFIX_PATH=${CMAKE_PREFIX_PATH}:/home/tnzacer/L2_ws/install/launch_testing_examples:/home/tnzacer/L2_ws/install/examples_rclpy_pointcloud_publisher:/home/tnzacer/L2_ws/install/examples_rclpy_minimal_subscriber:/home/tnzacer/L2_ws/install/examples_rclpy_minimal_service:/home/tnzacer/L2_ws/install/examples_rclpy_minimal_publisher:/home/tnzacer/L2_ws/install/examples_rclpy_minimal_client:/home/tnzacer/L2_ws/install/examples_rclpy_minimal_action_server:/home/tnzacer/L2_ws/install/examples_rclpy_minimal_action_client:/home/tnzacer/L2_ws/install/examples_rclpy_guard_conditions:/home/tnzacer/L2_ws/install/examples_rclpy_executors:/opt/ros/humble /usr/bin/cmake --install /home/tnzacer/FRA502-LAB-6632/build/lab2
[1.639s] Level 1:colcon.colcon_core.environment:checking '/home/tnzacer/FRA502-LAB-6632/install/lab2' for CMake module files
[1.640s] Level 1:colcon.colcon_core.environment:checking '/home/tnzacer/FRA502-LAB-6632/install/lab2' for CMake config files
[1.640s] Level 1:colcon.colcon_core.shell:create_environment_hook('lab2', 'cmake_prefix_path')
[1.640s] INFO:colcon.colcon_core.shell:Creating environment hook '/home/tnzacer/FRA502-LAB-6632/install/lab2/share/lab2/hook/cmake_prefix_path.ps1'
[1.640s] INFO:colcon.colcon_core.shell:Creating environment descriptor '/home/tnzacer/FRA502-LAB-6632/install/lab2/share/lab2/hook/cmake_prefix_path.dsv'
[1.640s] INFO:colcon.colcon_core.shell:Creating environment hook '/home/tnzacer/FRA502-LAB-6632/install/lab2/share/lab2/hook/cmake_prefix_path.sh'
[1.641s] Level 1:colcon.colcon_core.environment:checking '/home/tnzacer/FRA502-LAB-6632/install/lab2/lib'
[1.641s] Level 1:colcon.colcon_core.environment:checking '/home/tnzacer/FRA502-LAB-6632/install/lab2/bin'
[1.641s] Level 1:colcon.colcon_core.environment:checking '/home/tnzacer/FRA502-LAB-6632/install/lab2/lib/pkgconfig/lab2.pc'
[1.641s] Level 1:colcon.colcon_core.environment:checking '/home/tnzacer/FRA502-LAB-6632/install/lab2/lib/python3.10/site-packages'
[1.641s] Level 1:colcon.colcon_core.environment:checking '/home/tnzacer/FRA502-LAB-6632/install/lab2/bin'
[1.641s] INFO:colcon.colcon_core.shell:Creating package script '/home/tnzacer/FRA502-LAB-6632/install/lab2/share/lab2/package.ps1'
[1.642s] INFO:colcon.colcon_core.shell:Creating package descriptor '/home/tnzacer/FRA502-LAB-6632/install/lab2/share/lab2/package.dsv'
[1.642s] INFO:colcon.colcon_core.shell:Creating package script '/home/tnzacer/FRA502-LAB-6632/install/lab2/share/lab2/package.sh'
[1.642s] INFO:colcon.colcon_core.shell:Creating package script '/home/tnzacer/FRA502-LAB-6632/install/lab2/share/lab2/package.bash'
[1.643s] INFO:colcon.colcon_core.shell:Creating package script '/home/tnzacer/FRA502-LAB-6632/install/lab2/share/lab2/package.zsh'
[1.643s] Level 1:colcon.colcon_core.environment:create_file_with_runtime_dependencies(/home/tnzacer/FRA502-LAB-6632/install/lab2/share/colcon-core/packages/lab2)
[1.643s] Level 1:colcon.colcon_core.environment:create_environment_scripts_only(lab2)
[1.643s] Level 1:colcon.colcon_core.environment:checking '/home/tnzacer/FRA502-LAB-6632/install/lab2' for CMake module files
[1.644s] Level 1:colcon.colcon_core.environment:checking '/home/tnzacer/FRA502-LAB-6632/install/lab2' for CMake config files
[1.644s] Level 1:colcon.colcon_core.shell:create_environment_hook('lab2', 'cmake_prefix_path')
[1.644s] INFO:colcon.colcon_core.shell:Creating environment hook '/home/tnzacer/FRA502-LAB-6632/install/lab2/share/lab2/hook/cmake_prefix_path.ps1'
[1.644s] INFO:colcon.colcon_core.shell:Creating environment descriptor '/home/tnzacer/FRA502-LAB-6632/install/lab2/share/lab2/hook/cmake_prefix_path.dsv'
[1.644s] INFO:colcon.colcon_core.shell:Creating environment hook '/home/tnzacer/FRA502-LAB-6632/install/lab2/share/lab2/hook/cmake_prefix_path.sh'
[1.645s] Level 1:colcon.colcon_core.environment:checking '/home/tnzacer/FRA502-LAB-6632/install/lab2/lib'
[1.645s] Level 1:colcon.colcon_core.environment:checking '/home/tnzacer/FRA502-LAB-6632/install/lab2/bin'
[1.645s] Level 1:colcon.colcon_core.environment:checking '/home/tnzacer/FRA502-LAB-6632/install/lab2/lib/pkgconfig/lab2.pc'
[1.645s] Level 1:colcon.colcon_core.environment:checking '/home/tnzacer/FRA502-LAB-6632/install/lab2/lib/python3.10/site-packages'
[1.645s] Level 1:colcon.colcon_core.environment:checking '/home/tnzacer/FRA502-LAB-6632/install/lab2/bin'
[1.645s] INFO:colcon.colcon_core.shell:Creating package script '/home/tnzacer/FRA502-LAB-6632/install/lab2/share/lab2/package.ps1'
[1.645s] INFO:colcon.colcon_core.shell:Creating package descriptor '/home/tnzacer/FRA502-LAB-6632/install/lab2/share/lab2/package.dsv'
[1.646s] INFO:colcon.colcon_core.shell:Creating package script '/home/tnzacer/FRA502-LAB-6632/install/lab2/share/lab2/package.sh'
[1.646s] INFO:colcon.colcon_core.shell:Creating package script '/home/tnzacer/FRA502-LAB-6632/install/lab2/share/lab2/package.bash'
[1.646s] INFO:colcon.colcon_core.shell:Creating package script '/home/tnzacer/FRA502-LAB-6632/install/lab2/share/lab2/package.zsh'
[1.646s] Level 1:colcon.colcon_core.environment:create_file_with_runtime_dependencies(/home/tnzacer/FRA502-LAB-6632/install/lab2/share/colcon-core/packages/lab2)
[1.647s] DEBUG:colcon.colcon_parallel_executor.executor.parallel:closing loop
[1.647s] DEBUG:colcon.colcon_parallel_executor.executor.parallel:loop closed
[1.647s] DEBUG:colcon.colcon_parallel_executor.executor.parallel:run_until_complete finished with '0'
[1.647s] DEBUG:colcon.colcon_core.event_reactor:joining thread
[1.650s] INFO:colcon.colcon_core.plugin_system:Skipping extension 'colcon_notification.desktop_notification.terminal_notifier': Not used on non-Darwin systems
[1.650s] INFO:colcon.colcon_core.plugin_system:Skipping extension 'colcon_notification.desktop_notification.win32': Not used on non-Windows systems
[1.650s] INFO:colcon.colcon_notification.desktop_notification:Sending desktop notification using 'notify2'
[1.662s] DEBUG:colcon.colcon_core.event_reactor:joined thread
[1.662s] INFO:colcon.colcon_core.shell:Creating prefix script '/home/tnzacer/FRA502-LAB-6632/install/local_setup.ps1'
[1.663s] INFO:colcon.colcon_core.shell:Creating prefix util module '/home/tnzacer/FRA502-LAB-6632/install/_local_setup_util_ps1.py'
[1.664s] INFO:colcon.colcon_core.shell:Creating prefix chain script '/home/tnzacer/FRA502-LAB-6632/install/setup.ps1'
[1.667s] INFO:colcon.colcon_core.shell:Creating prefix script '/home/tnzacer/FRA502-LAB-6632/install/local_setup.sh'
[1.667s] INFO:colcon.colcon_core.shell:Creating prefix util module '/home/tnzacer/FRA502-LAB-6632/install/_local_setup_util_sh.py'
[1.668s] INFO:colcon.colcon_core.shell:Creating prefix chain script '/home/tnzacer/FRA502-LAB-6632/install/setup.sh'
[1.669s] INFO:colcon.colcon_core.shell:Creating prefix script '/home/tnzacer/FRA502-LAB-6632/install/local_setup.bash'
[1.669s] INFO:colcon.colcon_core.shell:Creating prefix chain script '/home/tnzacer/FRA502-LAB-6632/install/setup.bash'
[1.670s] INFO:colcon.colcon_core.shell:Creating prefix script '/home/tnzacer/FRA502-LAB-6632/install/local_setup.zsh'
[1.670s] INFO:colcon.colcon_core.shell:Creating prefix chain script '/home/tnzacer/FRA502-LAB-6632/install/setup.zsh'
